<?xml version="1.0" encoding="utf-8"?><testsuites><testsuite name="pytest" errors="0" failures="0" skipped="0" tests="96" time="11.438" timestamp="2022-05-15T21:47:44.406170" hostname="local"><testcase classname="tests.test_billing" name="test_billing_days_for_processing" time="0.165" /><testcase classname="tests.test_billing" name="test_billing_charge_period" time="0.112" /><testcase classname="tests.test_billing" name="test_billing_open_cycle_period" time="0.072" /><testcase classname="tests.test_billing" name="test_billing_charges" time="0.598" /><testcase classname="tests.test_billing" name="test_billing_charges_avoid_open_periods" time="0.690" /><testcase classname="tests.test_billing" name="test_billing_charges_avoid_duplicity" time="0.652" /><testcase classname="tests.test_billing" name="test_billing_report" time="0.620" /><testcase classname="tests.test_client" name="test_override_standard_channels_while_sending_whatsapp_message" time="0.001" /><testcase classname="tests.test_client" name="test_private_channel_do_not_use_global_channel_if_lang_is_missing" time="0.001" /><testcase classname="tests.test_client" name="test_invalid_private_channel" time="0.001" /><testcase classname="tests.test_model" name="test_enrollment_status_changes" time="0.001" /><testcase classname="tests.test_model" name="test_chat_do_not_reply_if_already_replied" time="0.001" /><testcase classname="tests.test_model" name="test_company_private_channel_validation" time="0.023" /><testcase classname="tests.test_model" name="test_company_empty_private_channel_validation" time="0.014" /><testcase classname="tests.test_model" name="test_course_content_and_quiz_weights" time="0.038" /><testcase classname="tests.test_model" name="test_course_is_immutable" time="0.002" /><testcase classname="tests.test_model" name="test_user_phone_nine_digits_format" time="0.001" /><testcase classname="tests.test_model" name="test_languages_channels" time="0.001" /><testcase classname="tests.test_model" name="test_languages_channels_without_country" time="0.001" /><testcase classname="tests.test_model" name="test_languages_channels_empty_content" time="0.001" /><testcase classname="tests.test_schedules" name="test_create_schedule_in_brazil" time="0.133" /><testcase classname="tests.test_schedules" name="test_create_schedule_colombia" time="0.084" /><testcase classname="tests.test_schedules" name="test_schedule_must_use_only_date_from_scheduling" time="0.080" /><testcase classname="tests.test_schedules" name="test_create_schedule_in_utc_if_enrollment_timezone_is_missing" time="0.079" /><testcase classname="tests.test_schedules" name="test_simulate_schedules_dispatching" time="0.428" /><testcase classname="tests.test_schedules" name="test_dispatch_message_error_schedules_must_be_status_error" time="0.097" /><testcase classname="tests.test_schedules" name="test_schedule_service_anticipate_content" time="0.125" /><testcase classname="tests.test_schedules" name="test_schedule_service_anticipate_last_content" time="0.226" /><testcase classname="tests.test_schedules" name="test_schedule_service_not_anticipate_content_already_anticipated" time="0.122" /><testcase classname="tests.test_schedules" name="test_schedule_service_anticipate_content_if_is_lesson_content" time="0.206" /><testcase classname="tests.test_schedules" name="test_schedule_service_not_anticipate_content_already_scheduled" time="0.122" /><testcase classname="tests.test_schedules" name="test_re_schedule_content" time="0.136" /><testcase classname="tests.test_schedules" name="test_schedules_registry_chat" time="0.208" /><testcase classname="tests.test_schedules" name="test_schedule_service_anticipate_finish_course_all_cases" time="0.228" /><testcase classname="tests.test_schedules" name="test_dispatching_empty_content_should_use_the_content_name" time="0.196" /><testcase classname="tests.test_schedules" name="test_calculate_enrollment_progress" time="0.255" /><testcase classname="tests.test_schedules" name="test_should_notify_schedule_sent" time="0.210" /><testcase classname="tests.test_schedules" name="test_resend_content" time="0.133" /><testcase classname="tests.test_schedules" name="test_resend_throws_not_found" time="0.130" /><testcase classname="tests.test_schema" name="test_power_text_validator_length" time="0.001" /><testcase classname="tests.test_schema" name="test_power_text_validator_linebreak" time="0.001" /><testcase classname="tests.test_schema" name="test_power_text_validator_url" time="0.002" /><testcase classname="tests.test_schema" name="test_power_text_validator_empty" time="0.001" /><testcase classname="tests.test_service" name="test_delete_schedules_from_enrollment_id" time="0.071" /><testcase classname="tests.test_service" name="test_import_xlsx" time="0.044" /><testcase classname="tests.test_service" name="test_delete_course_must_delete_its_lessons_and_contents" time="0.086" /><testcase classname="tests.test_service" name="test_delete_course_must_delete_schedules" time="0.091" /><testcase classname="tests.test_service" name="test_schedule_delete_course_must_notify" time="0.045" /><testcase classname="tests.test_service" name="test_new_enrollment_must_schedule_course_intro_message" time="0.071" /><testcase classname="tests.test_service" name="test_update_enrollment_start_date_only_if_status_is_waiting" time="0.060" /><testcase classname="tests.test_service" name="test_update_enrollment_timezone_only_if_status_is_waiting" time="0.082" /><testcase classname="tests.test_service" name="test_update_enrollment_status_must_follow_model_rules" time="0.062" /><testcase classname="tests.test_service" name="test_update_enrollment_status_to_started_must_schedule_messages" time="0.054" /><testcase classname="tests.test_service" name="test_update_enrollment_status_only_schedule_messages_if_changed" time="0.079" /><testcase classname="tests.test_service" name="test_enrollment_create_add_today_start_date_if_empty" time="0.074" /><testcase classname="tests.test_service" name="test_delete_enrollment_must_delete_schedules" time="0.068" /><testcase classname="tests.test_service" name="test_report_percentage_points" time="0.131" /><testcase classname="tests.test_service" name="test_report_weight_performance" time="0.052" /><testcase classname="tests.test_service" name="test_report_percentage_roundup" time="0.032" /><testcase classname="tests.test_service" name="test_enrollment_tracking" time="0.145" /><testcase classname="tests.test_service" name="test_load_schedule_by_enrollment_and_content" time="0.207" /><testcase classname="tests.test_service" name="test_course_processor" time="0.097" /><testcase classname="tests.test_service" name="test_course_processor_must_process_all_waiting" time="0.074" /><testcase classname="tests.test_service" name="test_course_service_throws_when_delete_if_not_the_owner" time="0.045" /><testcase classname="tests.test_service" name="test_course_service_throws_updating_and_deleting_if_is_in_immutable_status" time="0.122" /><testcase classname="tests.test_service" name="test_enrollment_service_throws_on_add_if_course_not_found" time="0.017" /><testcase classname="tests.test_service" name="test_enrollment_service_throws_on_add_if_course_is_not_finished" time="0.125" /><testcase classname="tests.test_service" name="test_enrollment_service_throws_on_if_try_to_change_the_course_enrolled" time="0.071" /><testcase classname="tests.test_service" name="test_delete_enrollment_in_batch" time="0.392" /><testcase classname="tests.test_service" name="test_chatter_bot_accept_enrollment" time="0.098" /><testcase classname="tests.test_service" name="test_chatter_bot_reject_enrollment" time="0.083" /><testcase classname="tests.test_service" name="test_chatter_bot_invalid_answer_enrollment" time="0.067" /><testcase classname="tests.test_service" name="test_chatter_bot_next_content" time="0.130" /><testcase classname="tests.test_service" name="test_chatter_bot_next_content_all_anticipated" time="0.078" /><testcase classname="tests.test_service" name="test_chatter_bot_next_content_invalid_answer" time="0.096" /><testcase classname="tests.test_service" name="test_chatter_bot_no_enrollment_message_by_lang" time="0.031" /><testcase classname="tests.test_service" name="test_report_performance_type" time="0.002" /><testcase classname="tests.test_service" name="test_report_message_by_performance" time="0.005" /><testcase classname="tests.test_service" name="test_chatter_bot_finish_course" time="0.245" /><testcase classname="tests.test_service" name="test_enrollment_allow_access_if_is_started" time="0.132" /><testcase classname="tests.test_service" name="test_enrollment_allow_access_when_at_least_a_user_has_started_enrollment" time="0.174" /><testcase classname="tests.test_service" name="test_twilio_private_channel_url_parse" time="0.001" /><testcase classname="tests.test_service" name="test_one_enrollment_at_time" time="0.177" /><testcase classname="tests.test_service" name="test_notification_service_not_notify_if_type_not_found" time="0.019" /><testcase classname="tests.test_service" name="test_notification_service" time="0.043" /><testcase classname="tests.test_service" name="test_course_service_load_lesson_must_sort_by_order_as_default" time="0.067" /><testcase classname="tests.test_service" name="test_user_service_add_must_update_user_if_already_exists" time="0.041" /><testcase classname="tests.test_service" name="test_chatter_bot_answer_type" time="0.018" /><testcase classname="tests.test_service" name="test_filter_builder" time="0.026" /><testcase classname="tests.test_service" name="test_message_dispatcher_language_name" time="0.003" /><testcase classname="tests.test_service" name="test_course_backup_only_bkp_and_delete_if_status_is_deleting" time="0.052" /><testcase classname="tests.test_service" name="test_course_backup_verify_if_is_internal_content" time="0.001" /><testcase classname="tests.test_service" name="test_course_backup_shortname_generator" time="0.001" /><testcase classname="tests.test_service" name="test_course_backup_deletes_after_backup" time="0.011" /><testcase classname="tests.test_service" name="test_course_backup_delete_notifies_first" time="0.006" /><testcase classname="tests.test_service" name="test_course_backup_assert_mocks_call" time="0.010" /></testsuite></testsuites>
